C51 COMPILER V9.60.7.0   CODE                                                              05/28/2025 06:56:06 PAGE 1   


C51 COMPILER V9.60.7.0, COMPILATION OF MODULE CODE
OBJECT MODULE PLACED IN .\Objects\code.obj
COMPILER INVOKED BY: C:\Users\alexmatt\C51\BIN\C51.EXE Exercises\add-sub-c\code.c OPTIMIZE(8,SPEED) BROWSE DEBUG OBJECTE
                    -XTEND PRINT(.\Listings\code.lst) TABS(2) OBJECT(.\Objects\code.obj)

line level    source

   1          #include <REG51.H>
   2          
   3          unsigned char a, b;
   4          
   5          void main() {
   6   1          a = 0x10;  // 16
   7   1          b = 0x04;  // 4
   8   1      
   9   1          P0 = a + b;  // P0 = 0x14 = 20 (Addition)
  10   1          P1 = a - b;  // P1 = 0x0C = 12 (Subtraction)
  11   1      
  12   1          while(1);
  13   1      }


MODULE INFORMATION:   STATIC OVERLAYABLE
   CODE SIZE        =     21    ----
   CONSTANT SIZE    =   ----    ----
   XDATA SIZE       =   ----    ----
   PDATA SIZE       =   ----    ----
   DATA SIZE        =      2    ----
   IDATA SIZE       =   ----    ----
   BIT SIZE         =   ----    ----
END OF MODULE INFORMATION.


C51 COMPILATION COMPLETE.  0 WARNING(S),  0 ERROR(S)
