C51 COMPILER V9.60.7.0   REG_SWAP                                                          05/28/2025 07:00:41 PAGE 1   


C51 COMPILER V9.60.7.0, COMPILATION OF MODULE REG_SWAP
OBJECT MODULE PLACED IN .\Objects\reg-swap.obj
COMPILER INVOKED BY: C:\Users\alexmatt\C51\BIN\C51.EXE Exercises\c-exercises\reg-swap.c OPTIMIZE(8,SPEED) BROWSE DEBUG O
                    -BJECTEXTEND PRINT(.\Listings\reg-swap.lst) TABS(2) OBJECT(.\Objects\reg-swap.obj)

line level    source

   1          #include <REG51.H>
   2          
   3          unsigned char temp;
   4          
   5          void main() {
   6   1          ACC = 0x25;  // Load 0x25 into Accumulator (Register A)
   7   1          B = 0x10;    // Load 0x10 into Register B
   8   1      
   9   1          // Swapping the values
  10   1          temp = ACC;
  11   1          ACC = B;
  12   1          B = temp;
  13   1      
  14   1          // Output the swapped values
  15   1          P0 = ACC;  // Will show 0x10
  16   1          P1 = B;    // Will show 0x25
  17   1      
  18   1          while(1);
  19   1      }


MODULE INFORMATION:   STATIC OVERLAYABLE
   CODE SIZE        =     19    ----
   CONSTANT SIZE    =   ----    ----
   XDATA SIZE       =   ----    ----
   PDATA SIZE       =   ----    ----
   DATA SIZE        =      1    ----
   IDATA SIZE       =   ----    ----
   BIT SIZE         =   ----    ----
END OF MODULE INFORMATION.


C51 COMPILATION COMPLETE.  0 WARNING(S),  0 ERROR(S)
